current directory: /home/seed/rails/cheapthread/gems/nio4r-2.5.8/ext/nio4r
/home/seed/.rbenv/versions/2.6.3/bin/ruby -I /home/seed/.rbenv/versions/2.6.3/lib/ruby/2.6.0 -r ./siteconf20211126-100700-q1tupd.rb extconf.rb
checking for unistd.h... yes
checking for linux/aio_abi.h... yes
checking for linux/io_uring.h... yes
checking for sys/select.h... yes
checking for port_event_t in poll.h... no
checking for sys/epoll.h... yes
checking for sys/event.h... no
checking for port_event_t in port.h... no
checking for sys/resource.h... yes
creating Makefile

current directory: /home/seed/rails/cheapthread/gems/nio4r-2.5.8/ext/nio4r
make "DESTDIR=" clean

current directory: /home/seed/rails/cheapthread/gems/nio4r-2.5.8/ext/nio4r
make "DESTDIR="
compiling bytebuffer.c
compiling monitor.c
compiling nio4r_ext.c
次のファイルから読み込み:  nio4r_ext.c:6:
../libev/ev.c:573:48: 警告: コメント内に "/*" があります [-Wcomment]
  573 | /*#define MIN_INTERVAL  0.00000095367431640625 /* 1/2**20, good till 2200 */
      |                                                 
次のファイルから読み込み:  nio4r_ext.c:6:
../libev/ev.c: 関数 ‘ecb_binary32_to_binary16’ 内:
../libev/ev.c:1510:13: 警告: comparison of integer expressions of different signedness: ‘unsigned int’ and ‘int’ [-Wsign-compare]
 1510 |       if (e < (14 - 24)) /* might not be sharp, but is good enough */
      |             ^
次のファイルから読み込み:  nio4r_ext.c:6:
../libev/ev.c: トップレベル:
../libev/ev.c:2136:31: 警告: ‘ev_default_loop_ptr’ が初期化され、 ‘extern’ として宣言されています
 2136 |   EV_API_DECL struct ev_loop *ev_default_loop_ptr = 0; /* needs to be initialised to make it a definition despite extern */
      |                               ^~~~~~~~~~~~~~~~~~~
../libev/ev.c: 関数 ‘array_nextsize’ 内:
../libev/ev.c:2249:19: 警告: comparison of integer expressions of different signedness: ‘int’ and ‘long unsigned int’ [-Wsign-compare]
 2249 |   if (elem * ncur > MALLOC_ROUND - sizeof (void *) * 4)
      |                   ^
次のファイルから読み込み:  ../libev/ev.c:3086,
         次から読み込み:  nio4r_ext.c:6:
../libev/ev_linuxaio.c: 関数 ‘linuxaio_modify’ 内:
../libev/ev_linuxaio.c:237:3: 警告: ISO C90 は宣言とコードの混合を禁止しています [-Wdeclaration-after-statement]
  237 |   ANIOCBP iocb = linuxaio_iocbps [fd];
      |   ^~~~~~~
../libev/ev_linuxaio.c: 関数 ‘linuxaio_poll’ 内:
../libev/ev_linuxaio.c:467:10: 警告: ‘else’ が曖昧になることを避けるために明示的に中括弧で括ることを推奨します [-Wdangling-else]
  467 |       if (ecb_expect_false (res < 0))
      |          ^
次のファイルから読み込み:  ../libev/ev.c:220,
         次から読み込み:  nio4r_ext.c:6:
../libev/ev_iouring.c: 関数 ‘iouring_enter’ 内:
../libev/ev_iouring.c:240:78: 警告: comparison of integer expressions of different signedness: ‘int’ and ‘unsigned int’ [-Wsign-compare]
  240 |   assert (("libev: io_uring_enter did not consume all sqes", (res < 0 || res == iouring_to_submit)));
      |                                                                              ^~
次のファイルから読み込み:  ../libev/ev.c:3089,
         次から読み込み:  nio4r_ext.c:6:
../libev/ev_iouring.c: 関数 ‘iouring_sqe_get’ 内:
../libev/ev_iouring.c:270:7: 警告: ISO C90 は宣言とコードの混合を禁止しています [-Wdeclaration-after-statement]
  270 |       int res = iouring_enter (EV_A_ EV_TS_CONST (0.));
      |       ^~~
../libev/ev_iouring.c: 関数 ‘iouring_sqe_submit’ 内:
../libev/ev_iouring.c:298:31: 警告: コメント内に "/*" があります [-Wcomment]
  298 |   /*ECB_MEMORY_FENCE_RELEASE; /* for the time being we assume this is not needed */
      |                                
次のファイルから読み込み:  nio4r_ext.c:6:
../libev/ev.c: 関数 ‘ev_io_start’ 内:
../libev/ev.c:4417:34: 警告: ‘|’ の被演算子内にある計算の周りに小括弧を付けることを推奨します [-Wparentheses]
 4417 |   fd_change (EV_A_ fd, w->events & EV__IOFDSET | EV_ANFD_REIFY);
      |                        ~~~~~~~~~~^~~~~~~~~~~~~
../libev/ev.c: トップレベル:
../libev/ev.c:5682:27: 警告: コメント内に "/*" があります [-Wcomment]
 5682 | /* EV_STAT     0x00001000 /* stat data changed */
      |                            
../libev/ev.c:5683:27: 警告: コメント内に "/*" があります [-Wcomment]
 5683 | /* EV_EMBED    0x00010000 /* embedded event loop needs sweep */
      |                            
cc1: 備考: unrecognized command-line option ‘-Wno-self-assign’ may have been intended to silence earlier diagnostics
cc1: 備考: unrecognized command-line option ‘-Wno-parentheses-equality’ may have been intended to silence earlier diagnostics
cc1: 備考: unrecognized command-line option ‘-Wno-constant-logical-operand’ may have been intended to silence earlier diagnostics
compiling selector.c
linking shared-object nio4r_ext.so

current directory: /home/seed/rails/cheapthread/gems/nio4r-2.5.8/ext/nio4r
make "DESTDIR=" install
/usr/bin/install -c -m 0755 nio4r_ext.so ./.gem.20211126-100700-2ekk6g
