current directory: /home/seed/rails/cheapthread/gems/puma-4.3.10/ext/puma_http11
/home/seed/.rbenv/versions/2.6.3/bin/ruby -I /home/seed/.rbenv/versions/2.6.3/lib/ruby/2.6.0 -r ./siteconf20211126-100700-1nmzdxv.rb extconf.rb
checking for BIO_read() in -lcrypto... yes
checking for SSL_CTX_new() in -lssl... yes
checking for openssl/bio.h... yes
checking for DTLS_method() in openssl/ssl.h... yes
checking for TLS_server_method() in openssl/ssl.h... yes
checking for SSL_CTX_set_min_proto_version in openssl/ssl.h... yes
creating Makefile

current directory: /home/seed/rails/cheapthread/gems/puma-4.3.10/ext/puma_http11
make "DESTDIR=" clean

current directory: /home/seed/rails/cheapthread/gems/puma-4.3.10/ext/puma_http11
make "DESTDIR="
compiling http11_parser.c
compiling io_buffer.c
compiling mini_ssl.c
mini_ssl.c: 関数 ‘get_dh1024’ 内:
mini_ssl.c:100:3: 警告: ISO C90 は宣言とコードの混合を禁止しています [-Wdeclaration-after-statement]
  100 |   BIGNUM *p, *g;
      |   ^~~~~~
mini_ssl.c: 関数 ‘engine_init_server’ 内:
mini_ssl.c:154:3: 警告: ISO C90 は宣言とコードの混合を禁止しています [-Wdeclaration-after-statement]
  154 |   ID sym_cert = rb_intern("cert");
      |   ^~
mini_ssl.c:159:3: 警告: ISO C90 は宣言とコードの混合を禁止しています [-Wdeclaration-after-statement]
  159 |   ID sym_ca = rb_intern("ca");
      |   ^~
mini_ssl.c:229:3: 警告: ISO C90 は宣言とコードの混合を禁止しています [-Wdeclaration-after-statement]
  229 |   DH *dh = get_dh1024();
      |   ^~
mini_ssl.c:145:7: 警告: 使用されない変数 ‘min’ です [-Wunused-variable]
  145 |   int min, ssl_options;
      |       ^~~
mini_ssl.c: 関数 ‘raise_error’ 内:
mini_ssl.c:299:6: 警告: function might be candidate for attribute ‘noreturn’ [-Wsuggest-attribute=noreturn]
  299 | void raise_error(SSL* ssl, int result) {
      |      ^~~~~~~~~~~
mini_ssl.c: トップレベル:
cc1: 備考: unrecognized command-line option ‘-Wno-self-assign’ may have been intended to silence earlier diagnostics
cc1: 備考: unrecognized command-line option ‘-Wno-parentheses-equality’ may have been intended to silence earlier diagnostics
cc1: 備考: unrecognized command-line option ‘-Wno-constant-logical-operand’ may have been intended to silence earlier diagnostics
compiling puma_http11.c
linking shared-object puma/puma_http11.so

current directory: /home/seed/rails/cheapthread/gems/puma-4.3.10/ext/puma_http11
make "DESTDIR=" install
/usr/bin/install -c -m 0755 puma_http11.so ./.gem.20211126-100700-p9sroe/puma
