current directory: /home/seed/rails/cheapthread/gems/unf_ext-0.0.8/ext/unf_ext
/home/seed/.rbenv/versions/2.6.3/bin/ruby -I /home/seed/.rbenv/versions/2.6.3/lib/ruby/2.6.0 -r ./siteconf20211126-100700-1cc0wdn.rb extconf.rb
checking for -lstdc++... yes
creating Makefile

current directory: /home/seed/rails/cheapthread/gems/unf_ext-0.0.8/ext/unf_ext
make "DESTDIR=" clean

current directory: /home/seed/rails/cheapthread/gems/unf_ext-0.0.8/ext/unf_ext
make "DESTDIR="
compiling unf.cc
cc1plus: 警告: command-line option ‘-Wdeclaration-after-statement’ is valid for C/ObjC but not for C++
cc1plus: 警告: command-line option ‘-Wimplicit-function-declaration’ is valid for C/ObjC but not for C++
cc1plus: 警告: command-line option ‘-Wimplicit-int’ is valid for C/ObjC but not for C++
次のファイルから読み込み:  /home/seed/.rbenv/versions/2.6.3/include/ruby-2.6.0/ruby/ruby.h:2111,
         次から読み込み:  /home/seed/.rbenv/versions/2.6.3/include/ruby-2.6.0/ruby.h:33,
         次から読み込み:  unf.cc:3:
/home/seed/.rbenv/versions/2.6.3/include/ruby-2.6.0/ruby/intern.h:56:33: 警告: ISO C++17 does not allow ‘register’ storage class specifier [-Wregister]
   56 | void rb_mem_clear(register VALUE*, register long);
      |                                 ^
/home/seed/.rbenv/versions/2.6.3/include/ruby-2.6.0/ruby/intern.h:56:45: 警告: ISO C++17 does not allow ‘register’ storage class specifier [-Wregister]
   56 | void rb_mem_clear(register VALUE*, register long);
      |                                             ^~~~
cc1plus: 備考: unrecognized command-line option ‘-Wno-self-assign’ may have been intended to silence earlier diagnostics
cc1plus: 備考: unrecognized command-line option ‘-Wno-parentheses-equality’ may have been intended to silence earlier diagnostics
cc1plus: 備考: unrecognized command-line option ‘-Wno-constant-logical-operand’ may have been intended to silence earlier diagnostics
linking shared-object unf_ext.so

current directory: /home/seed/rails/cheapthread/gems/unf_ext-0.0.8/ext/unf_ext
make "DESTDIR=" install
/usr/bin/install -c -m 0755 unf_ext.so ./.gem.20211126-100700-1sg6lre
